<?xml version="1.0" encoding="UTF-8"?>
<testng-results ignored="0" total="1" passed="1" failed="0" skipped="0">
  <reporter-output>
  </reporter-output>
  <suite started-at="2021-09-23T19:53:14 BDT" name="Default suite" finished-at="2021-09-23T19:53:20 BDT" duration-ms="6093">
    <groups>
    </groups>
    <test started-at="2021-09-23T19:53:14 BDT" name="Default test" finished-at="2021-09-23T19:53:20 BDT" duration-ms="6093">
      <class name="test_cases.Login">
        <test-method is-config="true" signature="setDriver()[pri:0, instance:test_cases.Login@7133da86]" started-at="2021-09-23T19:53:12 BDT" name="setDriver" finished-at="2021-09-23T19:53:14 BDT" duration-ms="1422" status="PASS">
          <reporter-output>
          </reporter-output>
        </test-method> <!-- setDriver -->
        <test-method signature="LoginPage()[pri:0, instance:test_cases.Login@7133da86]" started-at="2021-09-23T19:53:14 BDT" name="LoginPage" finished-at="2021-09-23T19:53:20 BDT" duration-ms="6056" status="PASS">
          <reporter-output>
          </reporter-output>
        </test-method> <!-- LoginPage -->
        <test-method is-config="true" signature="close()[pri:0, instance:test_cases.Login@7133da86]" started-at="2021-09-23T19:53:20 BDT" name="close" finished-at="2021-09-23T19:53:20 BDT" duration-ms="99" status="PASS">
          <reporter-output>
          </reporter-output>
        </test-method> <!-- close -->
      </class> <!-- test_cases.Login -->
    </test> <!-- Default test -->
  </suite> <!-- Default suite -->
</testng-results>
